2020-01-10 10:04:51,393 INFO [root] [base.py (__init__:11] - 正在初始化driver:<selenium.webdriver.chrome.webdriver.WebDriver (session="365b6ab65e415dc0059b9267e6003619")>
2020-01-10 10:04:51,396 INFO [root] [base.py (base_find:16] - 正在查找元素：('css selector', "[placeholder='用户名']")
2020-01-10 10:04:51,412 INFO [root] [base.py (base_input:23] - 正在执行清空操作
2020-01-10 10:04:51,444 INFO [root] [base.py (base_input:26] - 正在给 ('css selector', "[placeholder='用户名']") 元素 执行输入操作：testid
2020-01-10 10:04:51,565 INFO [root] [base.py (base_find:16] - 正在查找元素：('css selector', "[placeholder='密码']")
2020-01-10 10:04:51,584 INFO [root] [base.py (base_input:23] - 正在执行清空操作
2020-01-10 10:04:51,624 INFO [root] [base.py (base_input:26] - 正在给 ('css selector', "[placeholder='密码']") 元素 执行输入操作：testpwd123
2020-01-10 10:04:51,723 INFO [root] [base.py (base_click:32] - 正在对 ('css selector', "[placeholder='密码']") 元素 执行点击操作
2020-01-10 10:04:51,723 INFO [root] [base.py (base_find:16] - 正在查找元素：('css selector', "[placeholder='密码']")
2020-01-10 10:13:14,509 INFO [root] [base.py (__init__:11] - 正在初始化driver:<selenium.webdriver.chrome.webdriver.WebDriver (session="c81b7d0fdd6437427beb0d909019c4d9")>
2020-01-10 10:13:14,510 INFO [root] [base.py (base_find:16] - 正在查找元素：('css selector', "[placeholder='用户名']")
2020-01-10 10:13:14,527 INFO [root] [base.py (base_input:23] - 正在执行清空操作
2020-01-10 10:13:14,554 INFO [root] [base.py (base_input:26] - 正在给 ('css selector', "[placeholder='用户名']") 元素 执行输入操作：testid
2020-01-10 10:13:14,618 INFO [root] [base.py (base_find:16] - 正在查找元素：('css selector', "[placeholder='密码']")
2020-01-10 10:13:14,639 INFO [root] [base.py (base_input:23] - 正在执行清空操作
2020-01-10 10:13:14,676 INFO [root] [base.py (base_input:26] - 正在给 ('css selector', "[placeholder='密码']") 元素 执行输入操作：testpwd123
2020-01-10 10:13:14,750 INFO [root] [base.py (base_click:32] - 正在对 ('id', 'inp1') 元素 执行点击操作
2020-01-10 10:13:14,750 INFO [root] [base.py (base_find:16] - 正在查找元素：('id', 'inp1')
2020-01-10 10:15:29,785 INFO [root] [base.py (__init__:11] - 正在初始化driver:<selenium.webdriver.chrome.webdriver.WebDriver (session="8f79fc143b8355ca5a22a3cdb31d3500")>
2020-01-10 10:15:29,787 INFO [root] [base.py (base_find:16] - 正在查找元素：('css selector', "[placeholder='用户名']")
2020-01-10 10:15:29,809 INFO [root] [base.py (base_input:23] - 正在执行清空操作
2020-01-10 10:15:29,843 INFO [root] [base.py (base_input:26] - 正在给 ('css selector', "[placeholder='用户名']") 元素 执行输入操作：testid
2020-01-10 10:15:29,923 INFO [root] [base.py (base_find:16] - 正在查找元素：('css selector', "[placeholder='密码']")
2020-01-10 10:15:29,946 INFO [root] [base.py (base_input:23] - 正在执行清空操作
2020-01-10 10:15:29,981 INFO [root] [base.py (base_input:26] - 正在给 ('css selector', "[placeholder='密码']") 元素 执行输入操作：testpwd123
2020-01-10 10:15:30,133 INFO [root] [base.py (base_click:32] - 正在对 ('id', 'inp1') 元素 执行点击操作
2020-01-10 10:15:30,134 INFO [root] [base.py (base_find:16] - 正在查找元素：('id', 'inp1')
2020-01-10 10:15:30,223 INFO [root] [base.py (base_find:16] - 正在查找元素：('css selector', '.user_info>span')
2020-01-10 10:25:05,892 INFO [root] [base.py (__init__:11] - 正在初始化driver:<selenium.webdriver.chrome.webdriver.WebDriver (session="8c404d0c05d6a5aeeb760382eabf6bbf")>
2020-01-10 10:25:05,893 INFO [root] [base.py (base_find:16] - 正在查找元素：('css selector', "[placeholder='用户名']")
2020-01-10 10:25:05,928 INFO [root] [base.py (base_input:23] - 正在执行清空操作
2020-01-10 10:25:05,965 INFO [root] [base.py (base_input:26] - 正在给 ('css selector', "[placeholder='用户名']") 元素 执行输入操作：testid
2020-01-10 10:25:06,129 INFO [root] [base.py (base_find:16] - 正在查找元素：('css selector', "[placeholder='密码']")
2020-01-10 10:25:06,157 INFO [root] [base.py (base_input:23] - 正在执行清空操作
2020-01-10 10:25:06,201 INFO [root] [base.py (base_input:26] - 正在给 ('css selector', "[placeholder='密码']") 元素 执行输入操作：testpwd123
2020-01-10 10:25:32,885 INFO [root] [base.py (__init__:11] - 正在初始化driver:<selenium.webdriver.chrome.webdriver.WebDriver (session="bf055f46fcd83411399ee98d71f89455")>
2020-01-10 10:25:32,886 INFO [root] [base.py (base_find:16] - 正在查找元素：('css selector', "[placeholder='用户名']")
2020-01-10 10:25:32,911 INFO [root] [base.py (base_input:23] - 正在执行清空操作
2020-01-10 10:25:32,945 INFO [root] [base.py (base_input:26] - 正在给 ('css selector', "[placeholder='用户名']") 元素 执行输入操作：testid
2020-01-10 10:25:33,086 INFO [root] [base.py (base_find:16] - 正在查找元素：('css selector', "[placeholder='密码']")
2020-01-10 10:25:33,106 INFO [root] [base.py (base_input:23] - 正在执行清空操作
2020-01-10 10:25:33,144 INFO [root] [base.py (base_input:26] - 正在给 ('css selector', "[placeholder='密码']") 元素 执行输入操作：testpwd123
2020-01-10 10:27:38,589 INFO [root] [base.py (__init__:11] - 正在初始化driver:<selenium.webdriver.chrome.webdriver.WebDriver (session="e95a9977a7c1d0db256b5fd839f96a99")>
2020-01-10 10:27:38,591 INFO [root] [base.py (base_find:16] - 正在查找元素：('css selector', "[placeholder='用户名']")
2020-01-10 10:27:38,614 INFO [root] [base.py (base_input:23] - 正在执行清空操作
2020-01-10 10:27:38,643 INFO [root] [base.py (base_input:26] - 正在给 ('css selector', "[placeholder='用户名']") 元素 执行输入操作：testid
2020-01-10 10:27:38,788 INFO [root] [base.py (base_find:16] - 正在查找元素：('css selector', "[placeholder='密码']")
2020-01-10 10:27:38,811 INFO [root] [base.py (base_input:23] - 正在执行清空操作
2020-01-10 10:27:38,843 INFO [root] [base.py (base_input:26] - 正在给 ('css selector', "[placeholder='密码']") 元素 执行输入操作：testpwd123
2020-01-10 10:29:07,600 INFO [root] [base.py (__init__:11] - 正在初始化driver:<selenium.webdriver.chrome.webdriver.WebDriver (session="0abd67ba76eb42ca32cffc953b16fe68")>
2020-01-10 10:29:07,601 INFO [root] [base.py (base_find:16] - 正在查找元素：('css selector', "[placeholder='用户名']")
2020-01-10 10:29:07,629 INFO [root] [base.py (base_input:23] - 正在执行清空操作
2020-01-10 10:29:07,661 INFO [root] [base.py (base_input:26] - 正在给 ('css selector', "[placeholder='用户名']") 元素 执行输入操作：testid
2020-01-10 10:29:07,822 INFO [root] [base.py (base_find:16] - 正在查找元素：('css selector', "[placeholder='密码']")
2020-01-10 10:29:07,842 INFO [root] [base.py (base_input:23] - 正在执行清空操作
2020-01-10 10:29:07,877 INFO [root] [base.py (base_input:26] - 正在给 ('css selector', "[placeholder='密码']") 元素 执行输入操作：testpwd123
2020-01-10 10:32:42,024 INFO [root] [base.py (__init__:11] - 正在初始化driver:<selenium.webdriver.chrome.webdriver.WebDriver (session="674d77e834c9e0a67ed58348ab69dfd2")>
2020-01-10 10:32:42,026 INFO [root] [base.py (base_find:16] - 正在查找元素：('css selector', "[placeholder='用户名']")
2020-01-10 10:32:42,048 INFO [root] [base.py (base_input:23] - 正在执行清空操作
2020-01-10 10:32:42,081 INFO [root] [base.py (base_input:26] - 正在给 ('css selector', "[placeholder='用户名']") 元素 执行输入操作：testid
2020-01-10 10:32:42,251 INFO [root] [base.py (base_find:16] - 正在查找元素：('css selector', "[placeholder='密码']")
2020-01-10 10:32:42,272 INFO [root] [base.py (base_input:23] - 正在执行清空操作
2020-01-10 10:32:42,308 INFO [root] [base.py (base_input:26] - 正在给 ('css selector', "[placeholder='密码']") 元素 执行输入操作：testpwd123
2020-01-10 10:36:11,279 INFO [root] [base.py (__init__:11] - 正在初始化driver:<selenium.webdriver.chrome.webdriver.WebDriver (session="b2849b9474d26c70389500832ae94281")>
2020-01-10 10:36:11,280 INFO [root] [base.py (base_find:16] - 正在查找元素：('css selector', "[placeholder='用户名']")
2020-01-10 10:36:11,296 INFO [root] [base.py (base_input:23] - 正在执行清空操作
2020-01-10 10:36:11,333 INFO [root] [base.py (base_input:26] - 正在给 ('css selector', "[placeholder='用户名']") 元素 执行输入操作：testid
2020-01-10 10:36:11,469 INFO [root] [base.py (base_find:16] - 正在查找元素：('css selector', "[placeholder='密码']")
2020-01-10 10:36:11,494 INFO [root] [base.py (base_input:23] - 正在执行清空操作
2020-01-10 10:36:11,523 INFO [root] [base.py (base_input:26] - 正在给 ('css selector', "[placeholder='密码']") 元素 执行输入操作：testpwd123
2020-01-10 10:36:11,624 INFO [root] [base.py (base_click:32] - 正在对 ('css selector', '#inp1') 元素 执行点击操作
2020-01-10 10:36:11,624 INFO [root] [base.py (base_find:16] - 正在查找元素：('css selector', '#inp1')
2020-01-10 10:37:30,154 INFO [root] [base.py (__init__:11] - 正在初始化driver:<selenium.webdriver.chrome.webdriver.WebDriver (session="66a6f86dd2df2a8cdc49edd0583bb69e")>
2020-01-10 10:37:30,156 INFO [root] [base.py (base_find:16] - 正在查找元素：('css selector', "[placeholder='用户名']")
2020-01-10 10:37:30,194 INFO [root] [base.py (base_input:23] - 正在执行清空操作
2020-01-10 10:37:30,239 INFO [root] [base.py (base_input:26] - 正在给 ('css selector', "[placeholder='用户名']") 元素 执行输入操作：testid
2020-01-10 10:37:30,423 INFO [root] [base.py (base_find:16] - 正在查找元素：('css selector', "[placeholder='密码']")
2020-01-10 10:37:30,455 INFO [root] [base.py (base_input:23] - 正在执行清空操作
2020-01-10 10:37:30,500 INFO [root] [base.py (base_input:26] - 正在给 ('css selector', "[placeholder='密码']") 元素 执行输入操作：testpwd123
2020-01-10 10:37:30,639 INFO [root] [base.py (base_click:32] - 正在对 ('css selector', '#inp1') 元素 执行点击操作
2020-01-10 10:37:30,640 INFO [root] [base.py (base_find:16] - 正在查找元素：('css selector', '#inp1')
2020-01-10 10:37:30,737 INFO [root] [base.py (base_find:16] - 正在查找元素：('css selector', '.user_info>span')
2020-01-10 10:37:31,570 INFO [root] [base.py (base_get_text:37] - 正在获取('css selector', '.user_info>span')元素文本值：欢迎 管理员
2020-01-10 10:37:31,571 INFO [root] [base.py (base_find:16] - 正在查找元素：('css selector', '.user_info>span')
2020-01-10 10:38:26,954 INFO [root] [base.py (__init__:11] - 正在初始化driver:<selenium.webdriver.chrome.webdriver.WebDriver (session="be7a6279d94bb6b1e47165aae1ab26cc")>
2020-01-10 10:38:26,955 INFO [root] [base.py (base_find:16] - 正在查找元素：('css selector', "[placeholder='用户名']")
2020-01-10 10:38:26,977 INFO [root] [base.py (base_input:23] - 正在执行清空操作
2020-01-10 10:38:27,003 INFO [root] [base.py (base_input:26] - 正在给 ('css selector', "[placeholder='用户名']") 元素 执行输入操作：testid
2020-01-10 10:38:27,138 INFO [root] [base.py (base_find:16] - 正在查找元素：('css selector', "[placeholder='密码']")
2020-01-10 10:38:27,160 INFO [root] [base.py (base_input:23] - 正在执行清空操作
2020-01-10 10:38:27,195 INFO [root] [base.py (base_input:26] - 正在给 ('css selector', "[placeholder='密码']") 元素 执行输入操作：testpwd123
2020-01-10 10:38:27,301 INFO [root] [base.py (base_click:32] - 正在对 ('css selector', '#inp1') 元素 执行点击操作
2020-01-10 10:38:27,301 INFO [root] [base.py (base_find:16] - 正在查找元素：('css selector', '#inp1')
2020-01-10 10:38:27,387 INFO [root] [base.py (base_find:16] - 正在查找元素：('css selector', '.user_info>span')
2020-01-10 10:38:28,053 INFO [root] [base.py (base_get_text:37] - 正在获取('css selector', '.user_info>span')元素文本值：欢迎 管理员
2020-01-10 10:38:28,054 INFO [root] [base.py (base_find:16] - 正在查找元素：('css selector', '.user_info>span')
2020-01-10 10:38:28,076 INFO [root] [base.py (base_find:16] - 正在查找元素：('css selector', '.user_info>span')
2020-01-10 10:38:28,112 INFO [root] [base.py (base_get_text:37] - 正在获取('css selector', '.user_info>span')元素文本值：欢迎 管理员
2020-01-10 10:38:28,113 INFO [root] [base.py (base_find:16] - 正在查找元素：('css selector', '.user_info>span')
2020-01-10 10:47:06,945 INFO [root] [base.py (__init__:11] - 正在初始化driver:<selenium.webdriver.chrome.webdriver.WebDriver (session="b75a6447c28e15405e66c218c91629b8")>
2020-01-10 10:47:06,947 INFO [root] [base.py (base_find:16] - 正在查找元素：('css selector', "[placeholder='用户名']")
2020-01-10 10:47:06,979 INFO [root] [base.py (base_input:23] - 正在执行清空操作
2020-01-10 10:47:07,013 INFO [root] [base.py (base_input:26] - 正在给 ('css selector', "[placeholder='用户名']") 元素 执行输入操作：testid
2020-01-10 10:47:07,151 INFO [root] [base.py (base_find:16] - 正在查找元素：('css selector', "[placeholder='密码']")
2020-01-10 10:47:07,177 INFO [root] [base.py (base_input:23] - 正在执行清空操作
2020-01-10 10:47:07,216 INFO [root] [base.py (base_input:26] - 正在给 ('css selector', "[placeholder='密码']") 元素 执行输入操作：testpwd123
2020-01-10 10:47:07,331 INFO [root] [base.py (base_click:32] - 正在对 ('css selector', '#inp1') 元素 执行点击操作
2020-01-10 10:47:07,331 INFO [root] [base.py (base_find:16] - 正在查找元素：('css selector', '#inp1')
2020-01-10 10:47:07,411 INFO [root] [base.py (base_find:16] - 正在查找元素：('css selector', '.user_info>span')
2020-01-10 10:47:08,217 INFO [root] [base.py (base_get_text:37] - 正在获取('css selector', '.user_info>span')元素文本值：欢迎 管理员
2020-01-10 10:47:08,217 INFO [root] [base.py (base_find:16] - 正在查找元素：('css selector', '.user_info>span')
2020-01-10 10:47:08,257 INFO [root] [base.py (base_find:16] - 正在查找元素：('css selector', '.user_info>span')
2020-01-10 10:47:08,291 INFO [root] [base.py (base_get_text:37] - 正在获取('css selector', '.user_info>span')元素文本值：欢迎 管理员
2020-01-10 10:47:08,292 INFO [root] [base.py (base_find:16] - 正在查找元素：('css selector', '.user_info>span')
2020-01-10 15:16:30,379 INFO [root] [base.py (__init__:13] - 正在初始化driver:<selenium.webdriver.chrome.webdriver.WebDriver (session="7c072d21b87276d318d1357827c9a62c")>
2020-01-10 15:16:30,380 INFO [root] [base.py (base_find:18] - 正在查找元素：('css selector', "[placeholder='用户名']")
2020-01-10 15:16:30,411 INFO [root] [base.py (base_input:30] - 正在执行清空操作
2020-01-10 15:16:30,455 INFO [root] [base.py (base_input:33] - 正在给 ('css selector', "[placeholder='用户名']") 元素 执行输入操作：testid
2020-01-10 15:16:30,592 INFO [root] [base.py (base_find:18] - 正在查找元素：('css selector', "[placeholder='密码']")
2020-01-10 15:16:30,617 INFO [root] [base.py (base_input:30] - 正在执行清空操作
2020-01-10 15:16:30,663 INFO [root] [base.py (base_input:33] - 正在给 ('css selector', "[placeholder='密码']") 元素 执行输入操作：testpwd123
2020-01-10 15:16:30,778 INFO [root] [base.py (base_click:39] - 正在对 ('css selector', '#inp1') 元素 执行点击操作
2020-01-10 15:16:30,778 INFO [root] [base.py (base_find:18] - 正在查找元素：('css selector', '#inp1')
2020-01-10 15:16:30,869 INFO [root] [base.py (__init__:13] - 正在初始化driver:<selenium.webdriver.chrome.webdriver.WebDriver (session="7c072d21b87276d318d1357827c9a62c")>
2020-01-10 15:16:30,870 INFO [root] [base.py (base_click:39] - 正在对 ('xpath', "//*[@class='menu']//*[text()='信息管理']") 元素 执行点击操作
2020-01-10 15:16:30,870 INFO [root] [base.py (base_find:18] - 正在查找元素：('xpath', "//*[@class='menu']//*[text()='信息管理']")
2020-01-10 15:16:31,668 INFO [root] [base.py (base_click:39] - 正在对 ('xpath', "//*[@class='menu']//*[text()='内容审核']") 元素 执行点击操作
2020-01-10 15:16:31,668 INFO [root] [base.py (base_find:18] - 正在查找元素：('xpath', "//*[@class='menu']//*[text()='内容审核']")
2020-01-10 15:17:46,563 INFO [root] [base.py (__init__:13] - 正在初始化driver:<selenium.webdriver.chrome.webdriver.WebDriver (session="f4f79cac2d26d1e7e7d493d85b4afb95")>
2020-01-10 15:17:46,563 INFO [root] [base.py (base_find:18] - 正在查找元素：('css selector', "[placeholder='用户名']")
2020-01-10 15:17:46,578 INFO [root] [base.py (base_input:30] - 正在执行清空操作
2020-01-10 15:17:46,603 INFO [root] [base.py (base_input:33] - 正在给 ('css selector', "[placeholder='用户名']") 元素 执行输入操作：testid
2020-01-10 15:17:46,656 INFO [root] [base.py (base_find:18] - 正在查找元素：('css selector', "[placeholder='密码']")
2020-01-10 15:17:46,668 INFO [root] [base.py (base_input:30] - 正在执行清空操作
2020-01-10 15:17:46,693 INFO [root] [base.py (base_input:33] - 正在给 ('css selector', "[placeholder='密码']") 元素 执行输入操作：testpwd123
2020-01-10 15:17:46,756 INFO [root] [base.py (base_click:39] - 正在对 ('css selector', '#inp1') 元素 执行点击操作
2020-01-10 15:17:46,756 INFO [root] [base.py (base_find:18] - 正在查找元素：('css selector', '#inp1')
2020-01-10 15:17:51,825 INFO [root] [base.py (__init__:13] - 正在初始化driver:<selenium.webdriver.chrome.webdriver.WebDriver (session="f4f79cac2d26d1e7e7d493d85b4afb95")>
2020-01-10 15:17:51,826 INFO [root] [base.py (base_click:39] - 正在对 ('xpath', "//*[@class='menu']//*[text()='信息管理']") 元素 执行点击操作
2020-01-10 15:17:51,826 INFO [root] [base.py (base_find:18] - 正在查找元素：('xpath', "//*[@class='menu']//*[text()='信息管理']")
2020-01-10 15:17:52,711 INFO [root] [base.py (base_click:39] - 正在对 ('xpath', "//*[@class='menu']//*[text()='内容审核']") 元素 执行点击操作
2020-01-10 15:17:52,712 INFO [root] [base.py (base_find:18] - 正在查找元素：('xpath', "//*[@class='menu']//*[text()='内容审核']")
2020-01-10 15:19:15,545 INFO [root] [base.py (__init__:13] - 正在初始化driver:<selenium.webdriver.chrome.webdriver.WebDriver (session="ed9d5bcbb27218f2f1ca5f41bd48c6a7")>
2020-01-10 15:19:15,545 INFO [root] [base.py (base_find:18] - 正在查找元素：('css selector', "[placeholder='用户名']")
2020-01-10 15:19:15,566 INFO [root] [base.py (base_input:30] - 正在执行清空操作
2020-01-10 15:19:15,596 INFO [root] [base.py (base_input:33] - 正在给 ('css selector', "[placeholder='用户名']") 元素 执行输入操作：testid
2020-01-10 15:19:15,716 INFO [root] [base.py (base_find:18] - 正在查找元素：('css selector', "[placeholder='密码']")
2020-01-10 15:19:15,732 INFO [root] [base.py (base_input:30] - 正在执行清空操作
2020-01-10 15:19:15,760 INFO [root] [base.py (base_input:33] - 正在给 ('css selector', "[placeholder='密码']") 元素 执行输入操作：testpwd123
2020-01-10 15:19:15,856 INFO [root] [base.py (base_click:39] - 正在对 ('css selector', '#inp1') 元素 执行点击操作
2020-01-10 15:19:15,856 INFO [root] [base.py (base_find:18] - 正在查找元素：('css selector', '#inp1')
2020-01-10 15:19:15,928 INFO [root] [base.py (__init__:13] - 正在初始化driver:<selenium.webdriver.chrome.webdriver.WebDriver (session="ed9d5bcbb27218f2f1ca5f41bd48c6a7")>
2020-01-10 15:19:15,929 INFO [root] [base.py (base_click:39] - 正在对 ('xpath', "//*[@class='menu']//*[text()='信息管理']") 元素 执行点击操作
2020-01-10 15:19:15,929 INFO [root] [base.py (base_find:18] - 正在查找元素：('xpath', "//*[@class='menu']//*[text()='信息管理']")
2020-01-10 15:19:19,081 INFO [root] [base.py (base_click:39] - 正在对 ('xpath', "//*[@class='menu']//*[text()='内容审核']") 元素 执行点击操作
2020-01-10 15:19:19,081 INFO [root] [base.py (base_find:18] - 正在查找元素：('xpath', "//*[@class='menu']//*[text()='内容审核']")
2020-01-10 15:19:19,206 INFO [root] [base.py (base_find:18] - 正在查找元素：('css selector', "[placeholder='请输入: 文章名称']")
2020-01-10 15:19:19,225 INFO [root] [base.py (base_input:30] - 正在执行清空操作
2020-01-10 15:19:19,245 INFO [root] [base.py (base_input:33] - 正在给 ('css selector', "[placeholder='请输入: 文章名称']") 元素 执行输入操作：bj-test17-003
2020-01-10 15:19:19,416 INFO [root] [base.py (base_find:18] - 正在查找元素：('css selector', "[placeholder='请输入: 频道']")
2020-01-10 15:19:19,429 INFO [root] [base.py (base_input:30] - 正在执行清空操作
2020-01-10 15:19:19,457 INFO [root] [base.py (base_input:33] - 正在给 ('css selector', "[placeholder='请输入: 频道']") 元素 执行输入操作：数据库
2020-01-10 15:19:19,532 INFO [root] [base.py (base_click:39] - 正在对 ('xpath', "//*[@placeholder='请选择状态']") 元素 执行点击操作
2020-01-10 15:19:19,532 INFO [root] [base.py (base_find:18] - 正在查找元素：('xpath', "//*[@placeholder='请选择状态']")
2020-01-10 15:19:21,699 INFO [root] [base.py (base_finds:23] - 正在查找元素：('css selector', 'ul>li')
2020-01-10 15:19:22,264 INFO [root] [base.py (base_click:39] - 正在对 None 元素 执行点击操作
2020-01-10 15:19:22,264 INFO [root] [base.py (base_find:18] - 正在查找元素：None
2020-01-10 15:22:36,674 INFO [root] [base.py (__init__:13] - 正在初始化driver:<selenium.webdriver.chrome.webdriver.WebDriver (session="ce8f32a0d20927acc8f347538bcbf929")>
2020-01-10 15:22:36,674 INFO [root] [base.py (base_find:18] - 正在查找元素：('css selector', "[placeholder='用户名']")
2020-01-10 15:22:36,695 INFO [root] [base.py (base_input:30] - 正在执行清空操作
2020-01-10 15:22:36,729 INFO [root] [base.py (base_input:33] - 正在给 ('css selector', "[placeholder='用户名']") 元素 执行输入操作：testid
2020-01-10 15:22:36,855 INFO [root] [base.py (base_find:18] - 正在查找元素：('css selector', "[placeholder='密码']")
2020-01-10 15:22:36,873 INFO [root] [base.py (base_input:30] - 正在执行清空操作
2020-01-10 15:22:36,904 INFO [root] [base.py (base_input:33] - 正在给 ('css selector', "[placeholder='密码']") 元素 执行输入操作：testpwd123
2020-01-10 15:22:37,003 INFO [root] [base.py (base_click:39] - 正在对 ('css selector', '#inp1') 元素 执行点击操作
2020-01-10 15:22:37,003 INFO [root] [base.py (base_find:18] - 正在查找元素：('css selector', '#inp1')
2020-01-10 15:22:37,084 INFO [root] [base.py (__init__:13] - 正在初始化driver:<selenium.webdriver.chrome.webdriver.WebDriver (session="ce8f32a0d20927acc8f347538bcbf929")>
2020-01-10 15:22:37,085 INFO [root] [base.py (base_click:39] - 正在对 ('xpath', "//*[@class='menu']//*[text()='信息管理']") 元素 执行点击操作
2020-01-10 15:22:37,085 INFO [root] [base.py (base_find:18] - 正在查找元素：('xpath', "//*[@class='menu']//*[text()='信息管理']")
2020-01-10 15:22:39,836 INFO [root] [base.py (base_click:39] - 正在对 ('xpath', "//*[@class='menu']//*[text()='内容审核']") 元素 执行点击操作
2020-01-10 15:22:39,836 INFO [root] [base.py (base_find:18] - 正在查找元素：('xpath', "//*[@class='menu']//*[text()='内容审核']")
2020-01-10 15:22:39,994 INFO [root] [base.py (base_find:18] - 正在查找元素：('css selector', "[placeholder='请输入: 文章名称']")
2020-01-10 15:22:40,017 INFO [root] [base.py (base_input:30] - 正在执行清空操作
2020-01-10 15:22:40,044 INFO [root] [base.py (base_input:33] - 正在给 ('css selector', "[placeholder='请输入: 文章名称']") 元素 执行输入操作：bj-test17-003
2020-01-10 15:22:40,258 INFO [root] [base.py (base_find:18] - 正在查找元素：('css selector', "[placeholder='请输入: 频道']")
2020-01-10 15:22:40,273 INFO [root] [base.py (base_input:30] - 正在执行清空操作
2020-01-10 15:22:40,302 INFO [root] [base.py (base_input:33] - 正在给 ('css selector', "[placeholder='请输入: 频道']") 元素 执行输入操作：数据库
2020-01-10 15:22:40,387 INFO [root] [base.py (base_click:39] - 正在对 ('xpath', "//*[@placeholder='请选择状态']") 元素 执行点击操作
2020-01-10 15:22:40,387 INFO [root] [base.py (base_find:18] - 正在查找元素：('xpath', "//*[@placeholder='请选择状态']")
2020-01-10 15:22:42,569 INFO [root] [base.py (base_finds:23] - 正在查找元素：('css selector', 'ul>li')
2020-01-10 15:22:43,104 INFO [root] [base.py (base_click:39] - 正在对 None 元素 执行点击操作
2020-01-10 15:22:43,104 INFO [root] [base.py (base_find:18] - 正在查找元素：None
2020-01-10 15:25:07,435 INFO [root] [base.py (__init__:13] - 正在初始化driver:<selenium.webdriver.chrome.webdriver.WebDriver (session="2b9c633e2a639de199fc57e663ba554b")>
2020-01-10 15:25:07,435 INFO [root] [base.py (base_find:18] - 正在查找元素：('css selector', "[placeholder='用户名']")
2020-01-10 15:25:07,463 INFO [root] [base.py (base_input:30] - 正在执行清空操作
2020-01-10 15:25:07,500 INFO [root] [base.py (base_input:33] - 正在给 ('css selector', "[placeholder='用户名']") 元素 执行输入操作：testid
2020-01-10 15:25:07,661 INFO [root] [base.py (base_find:18] - 正在查找元素：('css selector', "[placeholder='密码']")
2020-01-10 15:25:07,684 INFO [root] [base.py (base_input:30] - 正在执行清空操作
2020-01-10 15:25:07,717 INFO [root] [base.py (base_input:33] - 正在给 ('css selector', "[placeholder='密码']") 元素 执行输入操作：testpwd123
2020-01-10 15:25:07,837 INFO [root] [base.py (base_click:39] - 正在对 ('css selector', '#inp1') 元素 执行点击操作
2020-01-10 15:25:07,837 INFO [root] [base.py (base_find:18] - 正在查找元素：('css selector', '#inp1')
2020-01-10 15:25:07,918 INFO [root] [base.py (__init__:13] - 正在初始化driver:<selenium.webdriver.chrome.webdriver.WebDriver (session="2b9c633e2a639de199fc57e663ba554b")>
2020-01-10 15:25:07,919 INFO [root] [base.py (base_click:39] - 正在对 ('xpath', "//*[@class='menu']//*[text()='信息管理']") 元素 执行点击操作
2020-01-10 15:25:07,919 INFO [root] [base.py (base_find:18] - 正在查找元素：('xpath', "//*[@class='menu']//*[text()='信息管理']")
2020-01-10 15:25:10,783 INFO [root] [base.py (base_click:39] - 正在对 ('xpath', "//*[@class='menu']//*[text()='内容审核']") 元素 执行点击操作
2020-01-10 15:25:10,783 INFO [root] [base.py (base_find:18] - 正在查找元素：('xpath', "//*[@class='menu']//*[text()='内容审核']")
2020-01-10 15:25:10,943 INFO [root] [base.py (base_find:18] - 正在查找元素：('css selector', "[placeholder='请输入: 文章名称']")
2020-01-10 15:25:10,965 INFO [root] [base.py (base_input:30] - 正在执行清空操作
2020-01-10 15:25:10,995 INFO [root] [base.py (base_input:33] - 正在给 ('css selector', "[placeholder='请输入: 文章名称']") 元素 执行输入操作：bj-test17-003
2020-01-10 15:25:11,235 INFO [root] [base.py (base_find:18] - 正在查找元素：('css selector', "[placeholder='请输入: 频道']")
2020-01-10 15:25:11,253 INFO [root] [base.py (base_input:30] - 正在执行清空操作
2020-01-10 15:25:11,287 INFO [root] [base.py (base_input:33] - 正在给 ('css selector', "[placeholder='请输入: 频道']") 元素 执行输入操作：数据库
2020-01-10 15:25:11,448 INFO [root] [base.py (base_click:39] - 正在对 ('xpath', "//*[@placeholder='请选择状态']") 元素 执行点击操作
2020-01-10 15:25:11,448 INFO [root] [base.py (base_find:18] - 正在查找元素：('xpath', "//*[@placeholder='请选择状态']")
2020-01-10 15:25:13,599 INFO [root] [base.py (base_finds:23] - 正在查找元素：('css selector', 'ul>li')
2020-01-10 15:25:14,103 INFO [root] [base.py (base_click:39] - 正在对 None 元素 执行点击操作
2020-01-10 15:25:14,103 INFO [root] [base.py (base_find:18] - 正在查找元素：None
2020-01-10 15:26:13,336 INFO [root] [base.py (__init__:13] - 正在初始化driver:<selenium.webdriver.chrome.webdriver.WebDriver (session="3fa9e79884eae11edbb9b62d2dd28a18")>
2020-01-10 15:26:13,336 INFO [root] [base.py (base_find:18] - 正在查找元素：('css selector', "[placeholder='用户名']")
2020-01-10 15:26:13,358 INFO [root] [base.py (base_input:30] - 正在执行清空操作
2020-01-10 15:26:13,409 INFO [root] [base.py (base_input:33] - 正在给 ('css selector', "[placeholder='用户名']") 元素 执行输入操作：testid
2020-01-10 15:26:13,549 INFO [root] [base.py (base_find:18] - 正在查找元素：('css selector', "[placeholder='密码']")
2020-01-10 15:26:13,565 INFO [root] [base.py (base_input:30] - 正在执行清空操作
2020-01-10 15:26:13,597 INFO [root] [base.py (base_input:33] - 正在给 ('css selector', "[placeholder='密码']") 元素 执行输入操作：testpwd123
2020-01-10 15:26:13,709 INFO [root] [base.py (base_click:39] - 正在对 ('css selector', '#inp1') 元素 执行点击操作
2020-01-10 15:26:13,709 INFO [root] [base.py (base_find:18] - 正在查找元素：('css selector', '#inp1')
2020-01-10 15:26:13,787 INFO [root] [base.py (__init__:13] - 正在初始化driver:<selenium.webdriver.chrome.webdriver.WebDriver (session="3fa9e79884eae11edbb9b62d2dd28a18")>
2020-01-10 15:26:13,788 INFO [root] [base.py (base_click:39] - 正在对 ('xpath', "//*[@class='menu']//*[text()='信息管理']") 元素 执行点击操作
2020-01-10 15:26:13,788 INFO [root] [base.py (base_find:18] - 正在查找元素：('xpath', "//*[@class='menu']//*[text()='信息管理']")
2020-01-10 15:26:16,545 INFO [root] [base.py (base_click:39] - 正在对 ('xpath', "//*[@class='menu']//*[text()='内容审核']") 元素 执行点击操作
2020-01-10 15:26:16,545 INFO [root] [base.py (base_find:18] - 正在查找元素：('xpath', "//*[@class='menu']//*[text()='内容审核']")
2020-01-10 15:26:16,682 INFO [root] [base.py (base_find:18] - 正在查找元素：('css selector', "[placeholder='请输入: 文章名称']")
2020-01-10 15:26:16,700 INFO [root] [base.py (base_input:30] - 正在执行清空操作
2020-01-10 15:26:16,724 INFO [root] [base.py (base_input:33] - 正在给 ('css selector', "[placeholder='请输入: 文章名称']") 元素 执行输入操作：bj-test17-003
2020-01-10 15:26:16,899 INFO [root] [base.py (base_find:18] - 正在查找元素：('css selector', "[placeholder='请输入: 频道']")
2020-01-10 15:26:16,915 INFO [root] [base.py (base_input:30] - 正在执行清空操作
2020-01-10 15:26:16,942 INFO [root] [base.py (base_input:33] - 正在给 ('css selector', "[placeholder='请输入: 频道']") 元素 执行输入操作：数据库
2020-01-10 15:26:17,017 INFO [root] [base.py (base_click:39] - 正在对 ('xpath', "//*[@placeholder='请选择状态']") 元素 执行点击操作
2020-01-10 15:26:17,017 INFO [root] [base.py (base_find:18] - 正在查找元素：('xpath', "//*[@placeholder='请选择状态']")
2020-01-10 15:26:19,101 INFO [root] [base.py (base_finds:23] - 正在查找元素：('css selector', 'ul>li')
2020-01-10 15:26:19,657 INFO [root] [base.py (base_click:39] - 正在对 None 元素 执行点击操作
2020-01-10 15:26:19,657 INFO [root] [base.py (base_find:18] - 正在查找元素：None
2020-01-10 15:29:54,160 INFO [root] [base.py (__init__:13] - 正在初始化driver:<selenium.webdriver.chrome.webdriver.WebDriver (session="f1186a7be7da7fc1bc8fdce93f96b064")>
2020-01-10 15:29:54,163 INFO [root] [page_mp_login.py (page_mp_login:31] - 正在调用自媒体登录业务方法，用户名：13812345678 密码：246810
2020-01-10 15:29:54,163 INFO [root] [base.py (base_find:18] - 正在查找元素：('css selector', "[placeholder='请输入手机号']")
2020-01-10 15:29:54,196 INFO [root] [base.py (base_input:30] - 正在执行清空操作
2020-01-10 15:29:54,240 INFO [root] [base.py (base_input:33] - 正在给 ('css selector', "[placeholder='请输入手机号']") 元素 执行输入操作：13812345678
2020-01-10 15:29:54,418 INFO [root] [base.py (base_find:18] - 正在查找元素：('css selector', "[placeholder='验证码']")
2020-01-10 15:29:54,442 INFO [root] [base.py (base_input:30] - 正在执行清空操作
2020-01-10 15:29:54,476 INFO [root] [base.py (base_input:33] - 正在给 ('css selector', "[placeholder='验证码']") 元素 执行输入操作：246810
2020-01-10 15:29:54,575 INFO [root] [base.py (base_click:39] - 正在对 ('css selector', '.el-button--primary') 元素 执行点击操作
2020-01-10 15:29:54,575 INFO [root] [base.py (base_find:18] - 正在查找元素：('css selector', '.el-button--primary')
2020-01-10 15:29:54,665 INFO [root] [base.py (base_find:18] - 正在查找元素：('css selector', '.user-name')
2020-01-10 15:29:55,276 INFO [root] [base.py (base_get_text:44] - 正在获取('css selector', '.user-name')元素文本值：13812345678
2020-01-10 15:29:55,276 INFO [root] [base.py (base_find:18] - 正在查找元素：('css selector', '.user-name')
2020-01-10 15:36:22,031 INFO [root] [base.py (__init__:13] - 正在初始化driver:<selenium.webdriver.chrome.webdriver.WebDriver (session="9e3bbe13606478e0579d0fd756541322")>
2020-01-10 15:36:22,031 INFO [root] [page_mp_login.py (page_mp_login_success:38] - 正在调用自媒体登录成功业务方法，用户名：13812345678 密码：246810
2020-01-10 15:36:22,031 INFO [root] [base.py (base_find:18] - 正在查找元素：('css selector', "[placeholder='请输入手机号']")
2020-01-10 15:36:22,060 INFO [root] [base.py (base_input:30] - 正在执行清空操作
2020-01-10 15:36:22,098 INFO [root] [base.py (base_input:33] - 正在给 ('css selector', "[placeholder='请输入手机号']") 元素 执行输入操作：13812345678
2020-01-10 15:36:22,297 INFO [root] [base.py (base_find:18] - 正在查找元素：('css selector', "[placeholder='验证码']")
2020-01-10 15:36:22,315 INFO [root] [base.py (base_input:30] - 正在执行清空操作
2020-01-10 15:36:22,353 INFO [root] [base.py (base_input:33] - 正在给 ('css selector', "[placeholder='验证码']") 元素 执行输入操作：246810
2020-01-10 15:36:22,455 INFO [root] [base.py (base_click:39] - 正在对 ('css selector', '.el-button--primary') 元素 执行点击操作
2020-01-10 15:36:22,456 INFO [root] [base.py (base_find:18] - 正在查找元素：('css selector', '.el-button--primary')
2020-01-10 15:36:22,531 INFO [root] [base.py (__init__:13] - 正在初始化driver:<selenium.webdriver.chrome.webdriver.WebDriver (session="9e3bbe13606478e0579d0fd756541322")>
2020-01-10 15:36:24,535 INFO [root] [base.py (base_click:39] - 正在对 ('xpath', "//div[@class='menu-wrapper']//*[text()='内容管理']") 元素 执行点击操作
2020-01-10 15:36:24,535 INFO [root] [base.py (base_find:18] - 正在查找元素：('xpath', "//div[@class='menu-wrapper']//*[text()='内容管理']")
2020-01-10 15:36:25,611 INFO [root] [base.py (base_click:39] - 正在对 ('xpath', "//*[contains(text(),'发布文章')]") 元素 执行点击操作
2020-01-10 15:36:25,611 INFO [root] [base.py (base_find:18] - 正在查找元素：('xpath', "//*[contains(text(),'发布文章')]")
2020-01-10 15:36:25,684 INFO [root] [base.py (base_find:18] - 正在查找元素：('css selector', "[placeholder='文章名称']")
2020-01-10 15:36:26,223 INFO [root] [base.py (base_input:30] - 正在执行清空操作
2020-01-10 15:36:26,261 INFO [root] [base.py (base_input:33] - 正在给 ('css selector', "[placeholder='文章名称']") 元素 执行输入操作：bj-test17-005
2020-01-10 15:36:26,647 INFO [root] [base.py (base_find:18] - 正在查找元素：('css selector', '#publishTinymce_ifr')
2020-01-10 15:36:26,694 INFO [root] [base.py (base_find:18] - 正在查找元素：('css selector', '#tinymce')
2020-01-10 15:36:26,710 INFO [root] [base.py (base_input:30] - 正在执行清空操作
2020-01-10 15:36:26,738 INFO [root] [base.py (base_input:33] - 正在给 ('css selector', '#tinymce') 元素 执行输入操作：测试发布文章！
2020-01-10 15:36:26,938 INFO [root] [base.py (base_click:39] - 正在对 ('xpath', "//*[text()='自动']") 元素 执行点击操作
2020-01-10 15:36:26,938 INFO [root] [base.py (base_find:18] - 正在查找元素：('xpath', "//*[text()='自动']")
2020-01-10 15:36:27,061 INFO [root] [base.py (base_click:39] - 正在对 ('css selector', "[placeholder='请选择']") 元素 执行点击操作
2020-01-10 15:36:27,061 INFO [root] [base.py (base_find:18] - 正在查找元素：('css selector', "[placeholder='请选择']")
2020-01-10 15:36:28,206 INFO [root] [base.py (base_click:39] - 正在对 ('xpath', "//*[text()='数据库']") 元素 执行点击操作
2020-01-10 15:36:28,206 INFO [root] [base.py (base_find:18] - 正在查找元素：('xpath', "//*[text()='数据库']")
2020-01-10 15:36:28,273 INFO [root] [base.py (base_click:39] - 正在对 ('css selector', '.el-button.filter-item.el-button--primary') 元素 执行点击操作
2020-01-10 15:36:28,273 INFO [root] [base.py (base_find:18] - 正在查找元素：('css selector', '.el-button.filter-item.el-button--primary')
2020-01-10 15:36:28,346 INFO [root] [base.py (base_find:18] - 正在查找元素：('xpath', "//*[contains(text(),'成功')]")
2020-01-10 15:36:28,896 INFO [root] [base.py (base_get_text:44] - 正在获取('xpath', "//*[contains(text(),'成功')]")元素文本值：新增文章成功
2020-01-10 15:36:28,896 INFO [root] [base.py (base_find:18] - 正在查找元素：('xpath', "//*[contains(text(),'成功')]")
2020-01-10 15:36:52,723 INFO [root] [base.py (__init__:13] - 正在初始化driver:<selenium.webdriver.chrome.webdriver.WebDriver (session="d0ff4b2fa2f7ac9349e7c3a6b8fd133d")>
2020-01-10 15:36:52,723 INFO [root] [page_mp_login.py (page_mp_login_success:38] - 正在调用自媒体登录成功业务方法，用户名：13812345678 密码：246810
2020-01-10 15:36:52,723 INFO [root] [base.py (base_find:18] - 正在查找元素：('css selector', "[placeholder='请输入手机号']")
2020-01-10 15:36:52,742 INFO [root] [base.py (base_input:30] - 正在执行清空操作
2020-01-10 15:36:52,788 INFO [root] [base.py (base_input:33] - 正在给 ('css selector', "[placeholder='请输入手机号']") 元素 执行输入操作：13812345678
2020-01-10 15:36:53,039 INFO [root] [base.py (base_find:18] - 正在查找元素：('css selector', "[placeholder='验证码']")
2020-01-10 15:36:53,055 INFO [root] [base.py (base_input:30] - 正在执行清空操作
2020-01-10 15:36:53,085 INFO [root] [base.py (base_input:33] - 正在给 ('css selector', "[placeholder='验证码']") 元素 执行输入操作：246810
2020-01-10 15:36:53,188 INFO [root] [base.py (base_click:39] - 正在对 ('css selector', '.el-button--primary') 元素 执行点击操作
2020-01-10 15:36:53,188 INFO [root] [base.py (base_find:18] - 正在查找元素：('css selector', '.el-button--primary')
2020-01-10 15:36:53,278 INFO [root] [base.py (__init__:13] - 正在初始化driver:<selenium.webdriver.chrome.webdriver.WebDriver (session="d0ff4b2fa2f7ac9349e7c3a6b8fd133d")>
2020-01-10 15:36:55,280 INFO [root] [base.py (base_click:39] - 正在对 ('xpath', "//div[@class='menu-wrapper']//*[text()='内容管理']") 元素 执行点击操作
2020-01-10 15:36:55,280 INFO [root] [base.py (base_find:18] - 正在查找元素：('xpath', "//div[@class='menu-wrapper']//*[text()='内容管理']")
2020-01-10 15:37:51,582 INFO [root] [base.py (__init__:13] - 正在初始化driver:<selenium.webdriver.chrome.webdriver.WebDriver (session="48533fd8181457a25499a77df230da82")>
2020-01-10 15:37:51,582 INFO [root] [page_mp_login.py (page_mp_login_success:38] - 正在调用自媒体登录成功业务方法，用户名：13812345678 密码：246810
2020-01-10 15:37:51,582 INFO [root] [base.py (base_find:18] - 正在查找元素：('css selector', "[placeholder='请输入手机号']")
2020-01-10 15:37:51,603 INFO [root] [base.py (base_input:30] - 正在执行清空操作
2020-01-10 15:37:51,650 INFO [root] [base.py (base_input:33] - 正在给 ('css selector', "[placeholder='请输入手机号']") 元素 执行输入操作：13812345678
2020-01-10 15:37:51,881 INFO [root] [base.py (base_find:18] - 正在查找元素：('css selector', "[placeholder='验证码']")
2020-01-10 15:37:51,900 INFO [root] [base.py (base_input:30] - 正在执行清空操作
2020-01-10 15:37:51,945 INFO [root] [base.py (base_input:33] - 正在给 ('css selector', "[placeholder='验证码']") 元素 执行输入操作：246810
2020-01-10 15:37:52,081 INFO [root] [base.py (base_click:39] - 正在对 ('css selector', '.el-button--primary') 元素 执行点击操作
2020-01-10 15:37:52,082 INFO [root] [base.py (base_find:18] - 正在查找元素：('css selector', '.el-button--primary')
2020-01-10 15:37:52,190 INFO [root] [base.py (__init__:13] - 正在初始化driver:<selenium.webdriver.chrome.webdriver.WebDriver (session="48533fd8181457a25499a77df230da82")>
2020-01-10 15:37:54,192 INFO [root] [base.py (base_click:39] - 正在对 ('xpath', "//div[@class='menu-wrapper']//*[text()='内容管理']") 元素 执行点击操作
2020-01-10 15:37:54,192 INFO [root] [base.py (base_find:18] - 正在查找元素：('xpath', "//div[@class='menu-wrapper']//*[text()='内容管理']")
2020-01-10 15:37:55,265 INFO [root] [base.py (base_click:39] - 正在对 ('xpath', "//*[contains(text(),'发布文章')]") 元素 执行点击操作
2020-01-10 15:37:55,265 INFO [root] [base.py (base_find:18] - 正在查找元素：('xpath', "//*[contains(text(),'发布文章')]")
2020-01-10 15:37:55,351 INFO [root] [base.py (base_find:18] - 正在查找元素：('css selector', "[placeholder='文章名称']")
2020-01-10 15:37:55,883 INFO [root] [base.py (base_input:30] - 正在执行清空操作
2020-01-10 15:37:55,929 INFO [root] [base.py (base_input:33] - 正在给 ('css selector', "[placeholder='文章名称']") 元素 执行输入操作：bj-test17-005
2020-01-10 15:37:56,296 INFO [root] [base.py (base_find:18] - 正在查找元素：('css selector', '#publishTinymce_ifr')
2020-01-10 15:37:56,345 INFO [root] [base.py (base_find:18] - 正在查找元素：('css selector', '#tinymce')
2020-01-10 15:37:56,361 INFO [root] [base.py (base_input:30] - 正在执行清空操作
2020-01-10 15:37:56,390 INFO [root] [base.py (base_input:33] - 正在给 ('css selector', '#tinymce') 元素 执行输入操作：测试发布文章！
2020-01-10 15:37:56,587 INFO [root] [base.py (base_click:39] - 正在对 ('xpath', "//*[text()='自动']") 元素 执行点击操作
2020-01-10 15:37:56,588 INFO [root] [base.py (base_find:18] - 正在查找元素：('xpath', "//*[text()='自动']")
2020-01-10 15:37:56,701 INFO [root] [base.py (base_click:39] - 正在对 ('css selector', "[placeholder='请选择']") 元素 执行点击操作
2020-01-10 15:37:56,701 INFO [root] [base.py (base_find:18] - 正在查找元素：('css selector', "[placeholder='请选择']")
2020-01-10 15:37:57,847 INFO [root] [base.py (base_click:39] - 正在对 ('xpath', "//*[text()='数据库']") 元素 执行点击操作
2020-01-10 15:37:57,847 INFO [root] [base.py (base_find:18] - 正在查找元素：('xpath', "//*[text()='数据库']")
2020-01-10 15:37:57,919 INFO [root] [base.py (base_click:39] - 正在对 ('css selector', '.el-button.filter-item.el-button--primary') 元素 执行点击操作
2020-01-10 15:37:57,919 INFO [root] [base.py (base_find:18] - 正在查找元素：('css selector', '.el-button.filter-item.el-button--primary')
2020-01-10 15:37:57,986 INFO [root] [base.py (base_find:18] - 正在查找元素：('xpath', "//*[contains(text(),'成功')]")
2020-01-10 15:37:58,546 INFO [root] [base.py (base_get_text:44] - 正在获取('xpath', "//*[contains(text(),'成功')]")元素文本值：新增文章成功
2020-01-10 15:37:58,546 INFO [root] [base.py (base_find:18] - 正在查找元素：('xpath', "//*[contains(text(),'成功')]")
2020-01-10 15:38:26,215 INFO [root] [base.py (__init__:13] - 正在初始化driver:<selenium.webdriver.chrome.webdriver.WebDriver (session="36b69b462f59b06b63604b7c2f65ef40")>
2020-01-10 15:38:26,215 INFO [root] [base.py (base_find:18] - 正在查找元素：('css selector', "[placeholder='用户名']")
2020-01-10 15:38:26,232 INFO [root] [base.py (base_input:30] - 正在执行清空操作
2020-01-10 15:38:26,265 INFO [root] [base.py (base_input:33] - 正在给 ('css selector', "[placeholder='用户名']") 元素 执行输入操作：testid
2020-01-10 15:38:26,414 INFO [root] [base.py (base_find:18] - 正在查找元素：('css selector', "[placeholder='密码']")
2020-01-10 15:38:26,432 INFO [root] [base.py (base_input:30] - 正在执行清空操作
2020-01-10 15:38:26,462 INFO [root] [base.py (base_input:33] - 正在给 ('css selector', "[placeholder='密码']") 元素 执行输入操作：testpwd123
2020-01-10 15:38:26,581 INFO [root] [base.py (base_click:39] - 正在对 ('css selector', '#inp1') 元素 执行点击操作
2020-01-10 15:38:26,582 INFO [root] [base.py (base_find:18] - 正在查找元素：('css selector', '#inp1')
2020-01-10 15:38:26,663 INFO [root] [base.py (__init__:13] - 正在初始化driver:<selenium.webdriver.chrome.webdriver.WebDriver (session="36b69b462f59b06b63604b7c2f65ef40")>
2020-01-10 15:38:26,664 INFO [root] [base.py (base_click:39] - 正在对 ('xpath', "//*[@class='menu']//*[text()='信息管理']") 元素 执行点击操作
2020-01-10 15:38:26,664 INFO [root] [base.py (base_find:18] - 正在查找元素：('xpath', "//*[@class='menu']//*[text()='信息管理']")
2020-01-10 15:38:29,480 INFO [root] [base.py (base_click:39] - 正在对 ('xpath', "//*[@class='menu']//*[text()='内容审核']") 元素 执行点击操作
2020-01-10 15:38:29,480 INFO [root] [base.py (base_find:18] - 正在查找元素：('xpath', "//*[@class='menu']//*[text()='内容审核']")
2020-01-10 15:38:29,618 INFO [root] [base.py (base_find:18] - 正在查找元素：('css selector', "[placeholder='请输入: 文章名称']")
2020-01-10 15:38:29,636 INFO [root] [base.py (base_input:30] - 正在执行清空操作
2020-01-10 15:38:29,663 INFO [root] [base.py (base_input:33] - 正在给 ('css selector', "[placeholder='请输入: 文章名称']") 元素 执行输入操作：bj-test17-005
2020-01-10 15:38:29,839 INFO [root] [base.py (base_find:18] - 正在查找元素：('css selector', "[placeholder='请输入: 频道']")
2020-01-10 15:38:29,854 INFO [root] [base.py (base_input:30] - 正在执行清空操作
2020-01-10 15:38:29,881 INFO [root] [base.py (base_input:33] - 正在给 ('css selector', "[placeholder='请输入: 频道']") 元素 执行输入操作：数据库
2020-01-10 15:38:29,949 INFO [root] [base.py (base_click:39] - 正在对 ('xpath', "//*[@placeholder='请选择状态']") 元素 执行点击操作
2020-01-10 15:38:29,949 INFO [root] [base.py (base_find:18] - 正在查找元素：('xpath', "//*[@placeholder='请选择状态']")
2020-01-10 15:38:32,040 INFO [root] [base.py (base_finds:23] - 正在查找元素：('css selector', 'ul>li')
2020-01-10 15:38:32,567 INFO [root] [base.py (base_click:39] - 正在对 None 元素 执行点击操作
2020-01-10 15:38:32,567 INFO [root] [base.py (base_find:18] - 正在查找元素：None
2020-01-10 15:53:09,405 INFO [root] [base.py (__init__:13] - 正在初始化driver:<selenium.webdriver.chrome.webdriver.WebDriver (session="52996060e374095ecb8fcd9cba278e46")>
2020-01-10 15:53:09,406 INFO [root] [base.py (base_find:18] - 正在查找元素：('css selector', "[placeholder='用户名']")
2020-01-10 15:53:09,447 INFO [root] [base.py (base_input:30] - 正在执行清空操作
2020-01-10 15:53:09,555 INFO [root] [base.py (base_input:33] - 正在给 ('css selector', "[placeholder='用户名']") 元素 执行输入操作：testid
2020-01-10 15:53:09,648 INFO [root] [base.py (base_find:18] - 正在查找元素：('css selector', "[placeholder='密码']")
2020-01-10 15:53:09,667 INFO [root] [base.py (base_input:30] - 正在执行清空操作
2020-01-10 15:53:09,708 INFO [root] [base.py (base_input:33] - 正在给 ('css selector', "[placeholder='密码']") 元素 执行输入操作：testpwd123
2020-01-10 15:53:09,859 INFO [root] [base.py (base_click:39] - 正在对 ('css selector', '#inp1') 元素 执行点击操作
2020-01-10 15:53:09,859 INFO [root] [base.py (base_find:18] - 正在查找元素：('css selector', '#inp1')
2020-01-10 15:53:09,949 INFO [root] [base.py (__init__:13] - 正在初始化driver:<selenium.webdriver.chrome.webdriver.WebDriver (session="52996060e374095ecb8fcd9cba278e46")>
2020-01-10 15:53:09,950 INFO [root] [base.py (base_click:39] - 正在对 ('xpath', "//*[@class='menu']//*[text()='信息管理']") 元素 执行点击操作
2020-01-10 15:53:09,950 INFO [root] [base.py (base_find:18] - 正在查找元素：('xpath', "//*[@class='menu']//*[text()='信息管理']")
2020-01-10 15:53:12,949 INFO [root] [base.py (base_click:39] - 正在对 ('xpath', "//*[@class='menu']//*[text()='内容审核']") 元素 执行点击操作
2020-01-10 15:53:12,949 INFO [root] [base.py (base_find:18] - 正在查找元素：('xpath', "//*[@class='menu']//*[text()='内容审核']")
2020-01-10 15:53:13,147 INFO [root] [base.py (base_find:18] - 正在查找元素：('css selector', "[placeholder='请输入: 文章名称']")
2020-01-10 15:53:13,166 INFO [root] [base.py (base_input:30] - 正在执行清空操作
2020-01-10 15:53:13,197 INFO [root] [base.py (base_input:33] - 正在给 ('css selector', "[placeholder='请输入: 文章名称']") 元素 执行输入操作：bj-test17-005
2020-01-10 15:53:13,487 INFO [root] [base.py (base_find:18] - 正在查找元素：('css selector', "[placeholder='请输入: 频道']")
2020-01-10 15:53:13,613 INFO [root] [base.py (base_input:30] - 正在执行清空操作
2020-01-10 15:53:13,654 INFO [root] [base.py (base_input:33] - 正在给 ('css selector', "[placeholder='请输入: 频道']") 元素 执行输入操作：数据库
2020-01-10 15:53:13,745 INFO [root] [base.py (base_click:39] - 正在对 ('xpath', "//*[@placeholder='请选择状态']") 元素 执行点击操作
2020-01-10 15:53:13,745 INFO [root] [base.py (base_find:18] - 正在查找元素：('xpath', "//*[@placeholder='请选择状态']")
2020-01-10 15:53:15,871 INFO [root] [base.py (base_finds:23] - 正在查找元素：('css selector', 'ul>li')
2020-01-10 15:53:16,402 INFO [root] [base.py (base_click:39] - 正在对 None 元素 执行点击操作
2020-01-10 15:53:16,402 INFO [root] [base.py (base_find:18] - 正在查找元素：None
2020-01-10 15:58:12,298 INFO [root] [base.py (__init__:13] - 正在初始化driver:<selenium.webdriver.chrome.webdriver.WebDriver (session="c28bcbe84861b2ef09004a22cb526ed5")>
2020-01-10 15:58:12,299 INFO [root] [base.py (base_find:18] - 正在查找元素：('css selector', "[placeholder='用户名']")
2020-01-10 15:58:12,326 INFO [root] [base.py (base_input:30] - 正在执行清空操作
2020-01-10 15:58:12,358 INFO [root] [base.py (base_input:33] - 正在给 ('css selector', "[placeholder='用户名']") 元素 执行输入操作：testid
2020-01-10 15:58:12,508 INFO [root] [base.py (base_find:18] - 正在查找元素：('css selector', "[placeholder='密码']")
2020-01-10 15:58:12,540 INFO [root] [base.py (base_input:30] - 正在执行清空操作
2020-01-10 15:58:12,587 INFO [root] [base.py (base_input:33] - 正在给 ('css selector', "[placeholder='密码']") 元素 执行输入操作：testpwd123
2020-01-10 15:58:12,712 INFO [root] [base.py (base_click:39] - 正在对 ('css selector', '#inp1') 元素 执行点击操作
2020-01-10 15:58:12,712 INFO [root] [base.py (base_find:18] - 正在查找元素：('css selector', '#inp1')
2020-01-10 15:58:12,795 INFO [root] [base.py (__init__:13] - 正在初始化driver:<selenium.webdriver.chrome.webdriver.WebDriver (session="c28bcbe84861b2ef09004a22cb526ed5")>
2020-01-10 15:58:12,797 INFO [root] [base.py (base_click:39] - 正在对 ('xpath', "//*[@class='menu']//*[text()='信息管理']") 元素 执行点击操作
2020-01-10 15:58:12,797 INFO [root] [base.py (base_find:18] - 正在查找元素：('xpath', "//*[@class='menu']//*[text()='信息管理']")
2020-01-10 15:58:15,678 INFO [root] [base.py (base_click:39] - 正在对 ('xpath', "//*[@class='menu']//*[text()='内容审核']") 元素 执行点击操作
2020-01-10 15:58:15,678 INFO [root] [base.py (base_find:18] - 正在查找元素：('xpath', "//*[@class='menu']//*[text()='内容审核']")
2020-01-10 15:58:15,833 INFO [root] [base.py (base_find:18] - 正在查找元素：('css selector', "[placeholder='请输入: 文章名称']")
2020-01-10 15:58:15,852 INFO [root] [base.py (base_input:30] - 正在执行清空操作
2020-01-10 15:58:15,876 INFO [root] [base.py (base_input:33] - 正在给 ('css selector', "[placeholder='请输入: 文章名称']") 元素 执行输入操作：bj-test17-005
2020-01-10 15:58:16,071 INFO [root] [base.py (base_find:18] - 正在查找元素：('css selector', "[placeholder='请输入: 频道']")
2020-01-10 15:58:16,085 INFO [root] [base.py (base_input:30] - 正在执行清空操作
2020-01-10 15:58:16,113 INFO [root] [base.py (base_input:33] - 正在给 ('css selector', "[placeholder='请输入: 频道']") 元素 执行输入操作：数据库
2020-01-10 15:58:16,180 INFO [root] [base.py (base_click:39] - 正在对 ('xpath', "//*[@placeholder='请选择状态']") 元素 执行点击操作
2020-01-10 15:58:16,180 INFO [root] [base.py (base_find:18] - 正在查找元素：('xpath', "//*[@placeholder='请选择状态']")
2020-01-10 15:58:18,342 INFO [root] [base.py (base_finds:23] - 正在查找元素：('css selector', 'ul>li')
2020-01-10 15:58:20,878 INFO [root] [base.py (base_click:39] - 正在对 ('css selector', '.find') 元素 执行点击操作
2020-01-10 15:58:20,878 INFO [root] [base.py (base_find:18] - 正在查找元素：('css selector', '.find')
2020-01-10 15:58:22,938 INFO [root] [base.py (base_click:39] - 正在对 ('xpath', "//*[text()='通过']/..") 元素 执行点击操作
2020-01-10 15:58:22,938 INFO [root] [base.py (base_find:18] - 正在查找元素：('xpath', "//*[text()='通过']/..")
2020-01-10 15:58:24,019 INFO [root] [base.py (base_click:39] - 正在对 ('css selector', '.el-button--primary') 元素 执行点击操作
2020-01-10 15:58:24,019 INFO [root] [base.py (base_find:18] - 正在查找元素：('css selector', '.el-button--primary')
2020-01-10 23:25:19,148 INFO [root] [base.py (__init__:13] - 正在初始化driver:<selenium.webdriver.chrome.webdriver.WebDriver (session="3a42e07670cfbb1421dce45dc46cf0cb")>
2020-01-10 23:25:19,195 INFO [root] [base.py (base_find:18] - 正在查找元素：('css selector', "[placeholder='用户名']")
2020-01-10 23:25:19,208 INFO [root] [base.py (base_input:30] - 正在执行清空操作
2020-01-10 23:25:19,230 INFO [root] [base.py (base_input:33] - 正在给 ('css selector', "[placeholder='用户名']") 元素 执行输入操作：testid
2020-01-10 23:25:19,277 INFO [root] [base.py (base_find:18] - 正在查找元素：('css selector', "[placeholder='密码']")
2020-01-10 23:25:19,287 INFO [root] [base.py (base_input:30] - 正在执行清空操作
2020-01-10 23:25:19,307 INFO [root] [base.py (base_input:33] - 正在给 ('css selector', "[placeholder='密码']") 元素 执行输入操作：testpwd123
2020-01-10 23:25:19,394 INFO [root] [base.py (base_click:39] - 正在对 ('css selector', '#inp1') 元素 执行点击操作
2020-01-10 23:25:19,395 INFO [root] [base.py (base_find:18] - 正在查找元素：('css selector', '#inp1')
2020-01-10 23:25:19,636 INFO [root] [base.py (__init__:13] - 正在初始化driver:<selenium.webdriver.chrome.webdriver.WebDriver (session="3a42e07670cfbb1421dce45dc46cf0cb")>
2020-01-10 23:25:19,637 INFO [root] [base.py (base_click:39] - 正在对 ('xpath', "//*[@class='menu']//*[text()='信息管理']") 元素 执行点击操作
2020-01-10 23:25:19,637 INFO [root] [base.py (base_find:18] - 正在查找元素：('xpath', "//*[@class='menu']//*[text()='信息管理']")
2020-01-10 23:25:22,239 INFO [root] [base.py (base_click:39] - 正在对 ('xpath', "//*[@class='menu']//*[text()='内容审核']") 元素 执行点击操作
2020-01-10 23:25:22,240 INFO [root] [base.py (base_find:18] - 正在查找元素：('xpath', "//*[@class='menu']//*[text()='内容审核']")
2020-01-10 23:25:22,520 INFO [root] [base.py (base_find:18] - 正在查找元素：('css selector', "[placeholder='请输入: 文章名称']")
2020-01-10 23:25:22,547 INFO [root] [base.py (base_input:30] - 正在执行清空操作
2020-01-10 23:25:22,586 INFO [root] [base.py (base_input:33] - 正在给 ('css selector', "[placeholder='请输入: 文章名称']") 元素 执行输入操作：bj-test17-005
2020-01-10 23:25:22,903 INFO [root] [base.py (base_find:18] - 正在查找元素：('css selector', "[placeholder='请输入: 频道']")
2020-01-10 23:25:23,073 INFO [root] [base.py (base_input:30] - 正在执行清空操作
2020-01-10 23:25:23,116 INFO [root] [base.py (base_input:33] - 正在给 ('css selector', "[placeholder='请输入: 频道']") 元素 执行输入操作：数据库
2020-01-10 23:25:23,264 INFO [root] [base.py (base_click:39] - 正在对 ('xpath', "//*[@placeholder='请选择状态']") 元素 执行点击操作
2020-01-10 23:25:23,264 INFO [root] [base.py (base_find:18] - 正在查找元素：('xpath', "//*[@placeholder='请选择状态']")
2020-01-10 23:25:25,375 INFO [root] [base.py (base_finds:23] - 正在查找元素：('css selector', 'ul>li')
2020-01-10 23:25:25,958 INFO [root] [base.py (base_click:39] - 正在对 ('css selector', '.find') 元素 执行点击操作
2020-01-10 23:25:25,958 INFO [root] [base.py (base_find:18] - 正在查找元素：('css selector', '.find')
2020-01-10 23:25:29,059 INFO [root] [base.py (base_find:18] - 正在查找元素：('css selector', '.cell>span')
2020-01-10 23:28:41,852 INFO [root] [base.py (__init__:13] - 正在初始化driver:<selenium.webdriver.chrome.webdriver.WebDriver (session="ea1e3990bde4cc63cbbba5b89b46eb5f")>
2020-01-10 23:28:41,852 INFO [root] [page_mp_login.py (page_mp_login_success:38] - 正在调用自媒体登录成功业务方法，用户名：13812345678 密码：246810
2020-01-10 23:28:41,852 INFO [root] [base.py (base_find:18] - 正在查找元素：('css selector', "[placeholder='请输入手机号']")
2020-01-10 23:28:41,878 INFO [root] [base.py (base_input:30] - 正在执行清空操作
2020-01-10 23:28:41,913 INFO [root] [base.py (base_input:33] - 正在给 ('css selector', "[placeholder='请输入手机号']") 元素 执行输入操作：13812345678
2020-01-10 23:28:42,124 INFO [root] [base.py (base_find:18] - 正在查找元素：('css selector', "[placeholder='验证码']")
2020-01-10 23:28:42,144 INFO [root] [base.py (base_input:30] - 正在执行清空操作
2020-01-10 23:28:42,181 INFO [root] [base.py (base_input:33] - 正在给 ('css selector', "[placeholder='验证码']") 元素 执行输入操作：246810
2020-01-10 23:28:42,325 INFO [root] [base.py (base_click:39] - 正在对 ('css selector', '.el-button--primary') 元素 执行点击操作
2020-01-10 23:28:42,325 INFO [root] [base.py (base_find:18] - 正在查找元素：('css selector', '.el-button--primary')
2020-01-10 23:28:42,669 INFO [root] [base.py (__init__:13] - 正在初始化driver:<selenium.webdriver.chrome.webdriver.WebDriver (session="ea1e3990bde4cc63cbbba5b89b46eb5f")>
2020-01-10 23:28:42,669 INFO [root] [base.py (base_find:18] - 正在查找元素：('css selector', "[placeholder='用户名']")
2020-01-10 23:29:39,208 INFO [root] [base.py (__init__:13] - 正在初始化driver:<selenium.webdriver.chrome.webdriver.WebDriver (session="9bbab121862777f2eb7043087d6938f3")>
2020-01-10 23:29:39,208 INFO [root] [page_mp_login.py (page_mp_login_success:38] - 正在调用自媒体登录成功业务方法，用户名：13812345678 密码：246810
2020-01-10 23:29:39,208 INFO [root] [base.py (base_find:18] - 正在查找元素：('css selector', "[placeholder='请输入手机号']")
2020-01-10 23:29:39,232 INFO [root] [base.py (base_input:30] - 正在执行清空操作
2020-01-10 23:29:39,285 INFO [root] [base.py (base_input:33] - 正在给 ('css selector', "[placeholder='请输入手机号']") 元素 执行输入操作：13812345678
2020-01-10 23:29:39,594 INFO [root] [base.py (base_find:18] - 正在查找元素：('css selector', "[placeholder='验证码']")
2020-01-10 23:29:39,624 INFO [root] [base.py (base_input:30] - 正在执行清空操作
2020-01-10 23:29:39,683 INFO [root] [base.py (base_input:33] - 正在给 ('css selector', "[placeholder='验证码']") 元素 执行输入操作：246810
2020-01-10 23:29:39,887 INFO [root] [base.py (base_click:39] - 正在对 ('css selector', '.el-button--primary') 元素 执行点击操作
2020-01-10 23:29:39,888 INFO [root] [base.py (base_find:18] - 正在查找元素：('css selector', '.el-button--primary')
2020-01-10 23:29:40,027 INFO [root] [base.py (__init__:13] - 正在初始化driver:<selenium.webdriver.chrome.webdriver.WebDriver (session="9bbab121862777f2eb7043087d6938f3")>
2020-01-10 23:29:42,029 INFO [root] [base.py (base_click:39] - 正在对 ('xpath', "//div[@class='menu-wrapper']//*[text()='内容管理']") 元素 执行点击操作
2020-01-10 23:29:42,029 INFO [root] [base.py (base_find:18] - 正在查找元素：('xpath', "//div[@class='menu-wrapper']//*[text()='内容管理']")
2020-01-10 23:29:43,130 INFO [root] [base.py (base_click:39] - 正在对 ('xpath', "//*[contains(text(),'发布文章')]") 元素 执行点击操作
2020-01-10 23:29:43,130 INFO [root] [base.py (base_find:18] - 正在查找元素：('xpath', "//*[contains(text(),'发布文章')]")
2020-01-10 23:29:43,263 INFO [root] [base.py (base_find:18] - 正在查找元素：('css selector', "[placeholder='文章名称']")
2020-01-10 23:29:44,070 INFO [root] [base.py (base_input:30] - 正在执行清空操作
2020-01-10 23:29:44,169 INFO [root] [base.py (base_input:33] - 正在给 ('css selector', "[placeholder='文章名称']") 元素 执行输入操作：bj-test17-006
2020-01-10 23:29:44,658 INFO [root] [base.py (base_find:18] - 正在查找元素：('css selector', '#publishTinymce_ifr')
2020-01-10 23:29:44,721 INFO [root] [base.py (base_find:18] - 正在查找元素：('css selector', '#tinymce')
2020-01-10 23:29:44,742 INFO [root] [base.py (base_input:30] - 正在执行清空操作
2020-01-10 23:29:44,778 INFO [root] [base.py (base_input:33] - 正在给 ('css selector', '#tinymce') 元素 执行输入操作：测试发布文章！
2020-01-10 23:29:45,007 INFO [root] [base.py (base_click:39] - 正在对 ('xpath', "//*[text()='自动']") 元素 执行点击操作
2020-01-10 23:29:45,008 INFO [root] [base.py (base_find:18] - 正在查找元素：('xpath', "//*[text()='自动']")
2020-01-10 23:29:45,117 INFO [root] [base.py (base_click:39] - 正在对 ('css selector', "[placeholder='请选择']") 元素 执行点击操作
2020-01-10 23:29:45,118 INFO [root] [base.py (base_find:18] - 正在查找元素：('css selector', "[placeholder='请选择']")
2020-01-10 23:29:46,264 INFO [root] [base.py (base_click:39] - 正在对 ('xpath', "//*[text()='数据库']") 元素 执行点击操作
2020-01-10 23:29:46,264 INFO [root] [base.py (base_find:18] - 正在查找元素：('xpath', "//*[text()='数据库']")
2020-01-10 23:29:46,350 INFO [root] [base.py (base_click:39] - 正在对 ('css selector', '.el-button.filter-item.el-button--primary') 元素 执行点击操作
2020-01-10 23:29:46,351 INFO [root] [base.py (base_find:18] - 正在查找元素：('css selector', '.el-button.filter-item.el-button--primary')
2020-01-10 23:29:46,436 INFO [root] [base.py (base_find:18] - 正在查找元素：('xpath', "//*[contains(text(),'成功')]")
2020-01-10 23:29:47,002 INFO [root] [base.py (base_get_text:44] - 正在获取('xpath', "//*[contains(text(),'成功')]")元素文本值：新增文章成功
2020-01-10 23:29:47,002 INFO [root] [base.py (base_find:18] - 正在查找元素：('xpath', "//*[contains(text(),'成功')]")
2020-01-10 23:30:04,760 INFO [root] [base.py (__init__:13] - 正在初始化driver:<selenium.webdriver.chrome.webdriver.WebDriver (session="d55e1f6a6b1e0c277b7681578f06a0be")>
2020-01-10 23:30:04,761 INFO [root] [base.py (base_find:18] - 正在查找元素：('css selector', "[placeholder='用户名']")
2020-01-10 23:30:04,783 INFO [root] [base.py (base_input:30] - 正在执行清空操作
2020-01-10 23:30:04,821 INFO [root] [base.py (base_input:33] - 正在给 ('css selector', "[placeholder='用户名']") 元素 执行输入操作：testid
2020-01-10 23:30:04,961 INFO [root] [base.py (base_find:18] - 正在查找元素：('css selector', "[placeholder='密码']")
2020-01-10 23:30:04,980 INFO [root] [base.py (base_input:30] - 正在执行清空操作
2020-01-10 23:30:05,011 INFO [root] [base.py (base_input:33] - 正在给 ('css selector', "[placeholder='密码']") 元素 执行输入操作：testpwd123
2020-01-10 23:30:05,128 INFO [root] [base.py (base_click:39] - 正在对 ('css selector', '#inp1') 元素 执行点击操作
2020-01-10 23:30:05,128 INFO [root] [base.py (base_find:18] - 正在查找元素：('css selector', '#inp1')
2020-01-10 23:30:05,221 INFO [root] [base.py (__init__:13] - 正在初始化driver:<selenium.webdriver.chrome.webdriver.WebDriver (session="d55e1f6a6b1e0c277b7681578f06a0be")>
2020-01-10 23:30:05,222 INFO [root] [base.py (base_click:39] - 正在对 ('xpath', "//*[@class='menu']//*[text()='信息管理']") 元素 执行点击操作
2020-01-10 23:30:05,222 INFO [root] [base.py (base_find:18] - 正在查找元素：('xpath', "//*[@class='menu']//*[text()='信息管理']")
2020-01-10 23:30:07,998 INFO [root] [base.py (base_click:39] - 正在对 ('xpath', "//*[@class='menu']//*[text()='内容审核']") 元素 执行点击操作
2020-01-10 23:30:07,998 INFO [root] [base.py (base_find:18] - 正在查找元素：('xpath', "//*[@class='menu']//*[text()='内容审核']")
2020-01-10 23:30:08,210 INFO [root] [base.py (base_find:18] - 正在查找元素：('css selector', "[placeholder='请输入: 文章名称']")
2020-01-10 23:30:08,232 INFO [root] [base.py (base_input:30] - 正在执行清空操作
2020-01-10 23:30:08,265 INFO [root] [base.py (base_input:33] - 正在给 ('css selector', "[placeholder='请输入: 文章名称']") 元素 执行输入操作：bj-test17-006
2020-01-10 23:30:08,527 INFO [root] [base.py (base_find:18] - 正在查找元素：('css selector', "[placeholder='请输入: 频道']")
2020-01-10 23:30:08,545 INFO [root] [base.py (base_input:30] - 正在执行清空操作
2020-01-10 23:30:08,578 INFO [root] [base.py (base_input:33] - 正在给 ('css selector', "[placeholder='请输入: 频道']") 元素 执行输入操作：数据库
2020-01-10 23:30:08,797 INFO [root] [base.py (base_click:39] - 正在对 ('xpath', "//*[@placeholder='请选择状态']") 元素 执行点击操作
2020-01-10 23:30:08,798 INFO [root] [base.py (base_find:18] - 正在查找元素：('xpath', "//*[@placeholder='请选择状态']")
2020-01-10 23:30:10,926 INFO [root] [base.py (base_finds:23] - 正在查找元素：('css selector', 'ul>li')
2020-01-10 23:30:11,535 INFO [root] [base.py (base_click:39] - 正在对 ('css selector', '.find') 元素 执行点击操作
2020-01-10 23:30:11,536 INFO [root] [base.py (base_find:18] - 正在查找元素：('css selector', '.find')
2020-01-10 23:30:14,632 INFO [root] [base.py (base_find:18] - 正在查找元素：('css selector', '.cell>span')
2020-01-10 23:33:43,268 INFO [root] [base.py (__init__:13] - 正在初始化driver:<selenium.webdriver.chrome.webdriver.WebDriver (session="1e5dce11c579f3bf7e2dc319db5ad545")>
2020-01-10 23:33:43,269 INFO [root] [base.py (base_find:18] - 正在查找元素：('css selector', "[placeholder='用户名']")
2020-01-10 23:33:43,285 INFO [root] [base.py (base_input:30] - 正在执行清空操作
2020-01-10 23:33:43,308 INFO [root] [base.py (base_input:33] - 正在给 ('css selector', "[placeholder='用户名']") 元素 执行输入操作：testid
2020-01-10 23:33:43,414 INFO [root] [base.py (base_find:18] - 正在查找元素：('css selector', "[placeholder='密码']")
2020-01-10 23:33:43,427 INFO [root] [base.py (base_input:30] - 正在执行清空操作
2020-01-10 23:33:43,447 INFO [root] [base.py (base_input:33] - 正在给 ('css selector', "[placeholder='密码']") 元素 执行输入操作：testpwd123
2020-01-10 23:33:43,517 INFO [root] [base.py (base_click:39] - 正在对 ('css selector', '#inp1') 元素 执行点击操作
2020-01-10 23:33:43,518 INFO [root] [base.py (base_find:18] - 正在查找元素：('css selector', '#inp1')
2020-01-10 23:33:43,589 INFO [root] [base.py (__init__:13] - 正在初始化driver:<selenium.webdriver.chrome.webdriver.WebDriver (session="1e5dce11c579f3bf7e2dc319db5ad545")>
2020-01-10 23:33:43,590 INFO [root] [base.py (base_click:39] - 正在对 ('xpath', "//*[@class='menu']//*[text()='信息管理']") 元素 执行点击操作
2020-01-10 23:33:43,590 INFO [root] [base.py (base_find:18] - 正在查找元素：('xpath', "//*[@class='menu']//*[text()='信息管理']")
2020-01-10 23:33:46,275 INFO [root] [base.py (base_click:39] - 正在对 ('xpath', "//*[@class='menu']//*[text()='内容审核']") 元素 执行点击操作
2020-01-10 23:33:46,275 INFO [root] [base.py (base_find:18] - 正在查找元素：('xpath', "//*[@class='menu']//*[text()='内容审核']")
2020-01-10 23:33:46,423 INFO [root] [base.py (base_find:18] - 正在查找元素：('css selector', "[placeholder='请输入: 文章名称']")
2020-01-10 23:33:46,437 INFO [root] [base.py (base_input:30] - 正在执行清空操作
2020-01-10 23:33:46,463 INFO [root] [base.py (base_input:33] - 正在给 ('css selector', "[placeholder='请输入: 文章名称']") 元素 执行输入操作：bj-test17-006
2020-01-10 23:33:46,662 INFO [root] [base.py (base_find:18] - 正在查找元素：('css selector', "[placeholder='请输入: 频道']")
2020-01-10 23:33:46,677 INFO [root] [base.py (base_input:30] - 正在执行清空操作
2020-01-10 23:33:46,705 INFO [root] [base.py (base_input:33] - 正在给 ('css selector', "[placeholder='请输入: 频道']") 元素 执行输入操作：数据库
2020-01-10 23:33:46,782 INFO [root] [base.py (base_click:39] - 正在对 ('xpath', "//*[@placeholder='请选择状态']") 元素 执行点击操作
2020-01-10 23:33:46,782 INFO [root] [base.py (base_find:18] - 正在查找元素：('xpath', "//*[@placeholder='请选择状态']")
2020-01-10 23:33:48,977 INFO [root] [base.py (base_finds:23] - 正在查找元素：('css selector', 'ul>li')
2020-01-10 23:33:49,589 INFO [root] [base.py (base_click:39] - 正在对 ('css selector', '.find') 元素 执行点击操作
2020-01-10 23:33:49,590 INFO [root] [base.py (base_find:18] - 正在查找元素：('css selector', '.find')
2020-01-10 23:33:52,687 INFO [root] [base.py (base_find:18] - 正在查找元素：('css selector', '.cell>span')
2020-01-10 23:33:52,716 INFO [root] [base.py (base_get_text:44] - 正在获取('css selector', '.cell>span')元素文本值：1215657379996106752
2020-01-10 23:33:52,716 INFO [root] [base.py (base_find:18] - 正在查找元素：('css selector', '.cell>span')
2020-01-10 23:33:52,735 INFO [root] [base.py (base_click:39] - 正在对 ('xpath', "//*[text()='通过']/..") 元素 执行点击操作
2020-01-10 23:33:52,735 INFO [root] [base.py (base_find:18] - 正在查找元素：('xpath', "//*[text()='通过']/..")
2020-01-10 23:33:52,816 INFO [root] [base.py (base_click:39] - 正在对 ('css selector', '.el-button--primary') 元素 执行点击操作
2020-01-10 23:33:52,816 INFO [root] [base.py (base_find:18] - 正在查找元素：('css selector', '.el-button--primary')
2020-01-10 23:33:55,396 INFO [root] [base.py (base_find:18] - 正在查找元素：('css selector', "[placeholder='请输入: 文章名称']")
2020-01-10 23:33:55,411 INFO [root] [base.py (base_input:30] - 正在执行清空操作
2020-01-10 23:33:55,436 INFO [root] [base.py (base_input:33] - 正在给 ('css selector', "[placeholder='请输入: 文章名称']") 元素 执行输入操作：bj-test17-006
2020-01-10 23:33:55,627 INFO [root] [base.py (base_find:18] - 正在查找元素：('css selector', "[placeholder='请输入: 频道']")
2020-01-10 23:33:55,637 INFO [root] [base.py (base_input:30] - 正在执行清空操作
2020-01-10 23:33:55,665 INFO [root] [base.py (base_input:33] - 正在给 ('css selector', "[placeholder='请输入: 频道']") 元素 执行输入操作：数据库
2020-01-10 23:33:55,730 INFO [root] [base.py (base_click:39] - 正在对 ('xpath', "//*[@placeholder='请选择状态']") 元素 执行点击操作
2020-01-10 23:33:55,731 INFO [root] [base.py (base_find:18] - 正在查找元素：('xpath', "//*[@placeholder='请选择状态']")
2020-01-10 23:33:57,872 INFO [root] [base.py (base_finds:23] - 正在查找元素：('css selector', 'ul>li')
2020-01-10 23:33:58,409 INFO [root] [base.py (base_click:39] - 正在对 ('css selector', '.find') 元素 执行点击操作
2020-01-10 23:33:58,409 INFO [root] [base.py (base_find:18] - 正在查找元素：('css selector', '.find')
2020-01-10 23:34:01,480 INFO [root] [base.py (base_find:18] - 正在查找元素：('xpath', "//*[contains(test(),'1215657379996106752']")
